# JRE version: OpenJDK Runtime Environment Microsoft-40648 (11.0.16.1+1) (build 11.0.16.1+1-LTS)
# Java VM: OpenJDK 64-Bit Server VM Microsoft-40648 (11.0.16.1+1-LTS, mixed mode, tiered, compressed oops, g1 gc, windows-amd64)
Heap:
 garbage-first heap   total 319488K, used 134144K [0x00000000c3600000, 0x0000000100000000)
  region size 1024K, 10 young (10240K), 4 survivors (4096K)
 Metaspace       used 50048K, capacity 50667K, committed 50816K, reserved 1093632K
  class space    used 6215K, capacity 6418K, committed 6528K, reserved 1048576K
GC Heap History (20 events):
Event: 27.173 GC heap before
{Heap before GC invocations=47 (full 0):
 garbage-first heap   total 110592K, used 90572K [0x00000000c3600000, 0x0000000100000000)
  region size 1024K, 9 young (9216K), 2 survivors (2048K)
 Metaspace       used 43258K, capacity 43825K, committed 43904K, reserved 1087488K
  class space    used 5494K, capacity 5688K, committed 5760K, reserved 1048576K
}
Event: 27.176 GC heap after
{Heap after GC invocations=48 (full 0):
 garbage-first heap   total 133120K, used 85908K [0x00000000c3600000, 0x0000000100000000)
  region size 1024K, 2 young (2048K), 2 survivors (2048K)
 Metaspace       used 43258K, capacity 43825K, committed 43904K, reserved 1087488K
  class space    used 5494K, capacity 5688K, committed 5760K, reserved 1048576K
}
Event: 27.296 GC heap before
{Heap before GC invocations=48 (full 0):
 garbage-first heap   total 133120K, used 99220K [0x00000000c3600000, 0x0000000100000000)
  region size 1024K, 15 young (15360K), 2 survivors (2048K)
 Metaspace       used 43258K, capacity 43825K, committed 43904K, reserved 1087488K
  class space    used 5494K, capacity 5688K, committed 5760K, reserved 1048576K
}
Event: 27.299 GC heap after
{Heap after GC invocations=49 (full 0):
 garbage-first heap   total 133120K, used 89948K [0x00000000c3600000, 0x0000000100000000)
  region size 1024K, 2 young (2048K), 2 survivors (2048K)
 Metaspace       used 43258K, capacity 43825K, committed 43904K, reserved 1087488K
  class space    used 5494K, capacity 5688K, committed 5760K, reserved 1048576K
}
Event: 27.448 GC heap before
{Heap before GC invocations=49 (full 0):
 garbage-first heap   total 133120K, used 102236K [0x00000000c3600000, 0x0000000100000000)
  region size 1024K, 14 young (14336K), 2 survivors (2048K)
 Metaspace       used 43260K, capacity 43825K, committed 43904K, reserved 1087488K
  class space    used 5494K, capacity 5688K, committed 5760K, reserved 1048576K
}
Event: 27.451 GC heap after
{Heap after GC invocations=50 (full 0):
 garbage-first heap   total 133120K, used 93839K [0x00000000c3600000, 0x0000000100000000)
  region size 1024K, 2 young (2048K), 2 survivors (2048K)
 Metaspace       used 43260K, capacity 43825K, committed 43904K, reserved 1087488K
  class space    used 5494K, capacity 5688K, committed 5760K, reserved 1048576K
}
Event: 27.567 GC heap before
{Heap before GC invocations=50 (full 0):
 garbage-first heap   total 133120K, used 105103K [0x00000000c3600000, 0x0000000100000000)
  region size 1024K, 13 young (13312K), 2 survivors (2048K)
 Metaspace       used 43262K, capacity 43825K, committed 43904K, reserved 1087488K
  class space    used 5494K, capacity 5688K, committed 5760K, reserved 1048576K
}
Event: 27.570 GC heap after
{Heap after GC invocations=51 (full 0):
 garbage-first heap   total 133120K, used 97627K [0x00000000c3600000, 0x0000000100000000)
  region size 1024K, 2 young (2048K), 2 survivors (2048K)
 Metaspace       used 43262K, capacity 43825K, committed 43904K, reserved 1087488K
  class space    used 5494K, capacity 5688K, committed 5760K, reserved 1048576K
}
Event: 27.684 GC heap before
{Heap before GC invocations=51 (full 0):
 garbage-first heap   total 133120K, used 107867K [0x00000000c3600000, 0x0000000100000000)
  region size 1024K, 12 young (12288K), 2 survivors (2048K)
 Metaspace       used 43741K, capacity 44282K, committed 44416K, reserved 1087488K
  class space    used 5568K, capacity 5754K, committed 5760K, reserved 1048576K
}
Event: 27.691 GC heap after
{Heap after GC invocations=52 (full 0):
 garbage-first heap   total 159744K, used 100352K [0x00000000c3600000, 0x0000000100000000)
  region size 1024K, 2 young (2048K), 2 survivors (2048K)
 Metaspace       used 43741K, capacity 44282K, committed 44416K, reserved 1087488K
  class space    used 5568K, capacity 5754K, committed 5760K, reserved 1048576K
}
Event: 28.202 GC heap before
{Heap before GC invocations=52 (full 0):
 garbage-first heap   total 159744K, used 118784K [0x00000000c3600000, 0x0000000100000000)
  region size 1024K, 19 young (19456K), 2 survivors (2048K)
 Metaspace       used 45732K, capacity 46244K, committed 46464K, reserved 1089536K
  class space    used 5807K, capacity 5990K, committed 6016K, reserved 1048576K
}
Event: 28.207 GC heap after
{Heap after GC invocations=53 (full 0):
 garbage-first heap   total 159744K, used 102277K [0x00000000c3600000, 0x0000000100000000)
  region size 1024K, 2 young (2048K), 2 survivors (2048K)
 Metaspace       used 45732K, capacity 46244K, committed 46464K, reserved 1089536K
  class space    used 5807K, capacity 5990K, committed 6016K, reserved 1048576K
}
Event: 29.669 GC heap before
{Heap before GC invocations=53 (full 0):
 garbage-first heap   total 159744K, used 119685K [0x00000000c3600000, 0x0000000100000000)
  region size 1024K, 19 young (19456K), 2 survivors (2048K)
 Metaspace       used 46998K, capacity 47632K, committed 47872K, reserved 1091584K
  class space    used 5893K, capacity 6092K, committed 6144K, reserved 1048576K
}
Event: 29.686 GC heap after
{Heap after GC invocations=54 (full 0):
 garbage-first heap   total 159744K, used 104380K [0x00000000c3600000, 0x0000000100000000)
  region size 1024K, 3 young (3072K), 3 survivors (3072K)
 Metaspace       used 46998K, capacity 47632K, committed 47872K, reserved 1091584K
  class space    used 5893K, capacity 6092K, committed 6144K, reserved 1048576K
}
Event: 33.265 GC heap before
{Heap before GC invocations=54 (full 0):
 garbage-first heap   total 159744K, used 120764K [0x00000000c3600000, 0x0000000100000000)
  region size 1024K, 20 young (20480K), 3 survivors (3072K)
 Metaspace       used 47229K, capacity 47824K, committed 48128K, reserved 1091584K
  class space    used 5895K, capacity 6092K, committed 6144K, reserved 1048576K
}
Event: 33.270 GC heap after
{Heap after GC invocations=55 (full 0):
 garbage-first heap   total 159744K, used 104587K [0x00000000c3600000, 0x0000000100000000)
  region size 1024K, 1 young (1024K), 1 survivors (1024K)
 Metaspace       used 47229K, capacity 47824K, committed 48128K, reserved 1091584K
  class space    used 5895K, capacity 6092K, committed 6144K, reserved 1048576K
}
Event: 43.893 GC heap before
{Heap before GC invocations=55 (full 0):
 garbage-first heap   total 159744K, used 121995K [0x00000000c3600000, 0x0000000100000000)
  region size 1024K, 19 young (19456K), 1 survivors (1024K)
 Metaspace       used 47480K, capacity 48084K, committed 48384K, reserved 1091584K
  class space    used 5899K, capacity 6093K, committed 6144K, reserved 1048576K
}
Event: 44.625 GC heap after
{Heap after GC invocations=56 (full 0):
 garbage-first heap   total 159744K, used 114346K [0x00000000c3600000, 0x0000000100000000)
  region size 1024K, 3 young (3072K), 3 survivors (3072K)
 Metaspace       used 47480K, capacity 48084K, committed 48384K, reserved 1091584K
  class space    used 5899K, capacity 6093K, committed 6144K, reserved 1048576K
}
Event: 47.506 GC heap before
{Heap before GC invocations=56 (full 0):
 garbage-first heap   total 159744K, used 128682K [0x00000000c3600000, 0x0000000100000000)
  region size 1024K, 17 young (17408K), 3 survivors (3072K)
 Metaspace       used 48972K, capacity 49588K, committed 49920K, reserved 1093632K
  class space    used 6125K, capacity 6317K, committed 6400K, reserved 1048576K
}
Event: 47.516 GC heap after
{Heap after GC invocations=57 (full 0):
 garbage-first heap   total 319488K, used 121344K [0x00000000c3600000, 0x0000000100000000)
  region size 1024K, 3 young (3072K), 3 survivors (3072K)
 Metaspace       used 48972K, capacity 49588K, committed 49920K, reserved 1093632K
  class space    used 6125K, capacity 6317K, committed 6400K, reserved 1048576K
}

